<?xml version="1.0" encoding="UTF-8"?>
<!-- Generated by org.testng.reporters.JUnitReportReporter -->
<testsuite hostname="LAPTOP-AJOTTULQ" failures="0" tests="2" name="org.selenium.pom.tests.MyFirstTestCase" time="48.958" errors="0" timestamp="2022-07-07T13:32:35 IST" skipped="0">
  <testcase classname="org.selenium.pom.tests.MyFirstTestCase" name="returnTest" time="26.905"/>
  <system-out/>
  <testcase classname="org.selenium.pom.tests.MyFirstTestCase" name="onewayTest" time="22.053"/>
  <system-out/>
</testsuite> <!-- org.selenium.pom.tests.MyFirstTestCase -->
