<?xml version="1.0" encoding="UTF-8"?>
<!-- Generated by org.testng.reporters.JUnitReportReporter -->
<testsuite hostname="LAPTOP-AJOTTULQ" failures="0" tests="8" name="org.selenium.pom.tests.MyFirstTestCase" time="252.962" errors="0" timestamp="2022-06-25T18:36:54 IST" skipped="0">
  <testcase classname="org.selenium.pom.tests.MyFirstTestCase" name="onewayTest" time="53.692"/>
  <system-out/>
  <testcase classname="org.selenium.pom.tests.MyFirstTestCase" name="returnTest" time="24.968"/>
  <system-out/>
  <testcase classname="org.selenium.pom.tests.MyFirstTestCase" name="returnTest" time="38.278"/>
  <system-out/>
  <testcase classname="org.selenium.pom.tests.MyFirstTestCase" name="returnTest" time="29.660"/>
  <system-out/>
  <testcase classname="org.selenium.pom.tests.MyFirstTestCase" name="onewayTest" time="21.770"/>
  <system-out/>
  <testcase classname="org.selenium.pom.tests.MyFirstTestCase" name="onewayTest" time="37.498"/>
  <system-out/>
  <testcase classname="org.selenium.pom.tests.MyFirstTestCase" name="onewayTest" time="19.824"/>
  <system-out/>
  <testcase classname="org.selenium.pom.tests.MyFirstTestCase" name="returnTest" time="27.272"/>
  <system-out/>
</testsuite> <!-- org.selenium.pom.tests.MyFirstTestCase -->
