<?xml version="1.0" encoding="UTF-8"?>
<!-- Generated by org.testng.reporters.JUnitReportReporter -->
<testsuite hostname="LAPTOP-AJOTTULQ" failures="0" tests="2" name="org.selenium.pom.tests.OnewayDirectTestCase" time="163.758" errors="0" timestamp="2023-03-02T12:15:03 IST" skipped="0">
  <testcase classname="org.selenium.pom.tests.OnewayDirectTestCase" name="onewayDirectCompleteSanityTest" time="83.999"/>
  <system-out/>
  <testcase classname="org.selenium.pom.tests.OnewayDirectTestCase" name="onewayDirectCompleteSanityTest" time="79.759"/>
  <system-out/>
</testsuite> <!-- org.selenium.pom.tests.OnewayDirectTestCase -->
