<?xml version="1.0" encoding="UTF-8"?>
<!-- Generated by org.testng.reporters.JUnitReportReporter -->
<testsuite hostname="LAPTOP-AJOTTULQ" failures="0" tests="1" name="org.selenium.pom.tests.OnewayDirectTestCase" time="109.897" errors="0" timestamp="2023-03-01T15:19:46 IST" skipped="0">
  <testcase classname="org.selenium.pom.tests.OnewayDirectTestCase" name="onewayDirectCompleteSanityTest" time="109.897"/>
  <system-out/>
</testsuite> <!-- org.selenium.pom.tests.OnewayDirectTestCase -->
