<?xml version="1.0" encoding="UTF-8"?>
<!-- Generated by org.testng.reporters.JUnitReportReporter -->
<testsuite hostname="LAPTOP-AJOTTULQ" failures="0" tests="2" name="org.selenium.pom.tests.MyFirstTestCase" time="42.286" errors="0" timestamp="2022-06-11T08:36:17 IST" skipped="0">
  <testcase classname="org.selenium.pom.tests.MyFirstTestCase" name="apistagingtest" time="18.006"/>
  <system-out/>
  <testcase classname="org.selenium.pom.tests.MyFirstTestCase" name="apistagingtest" time="24.280"/>
  <system-out/>
</testsuite> <!-- org.selenium.pom.tests.MyFirstTestCase -->
