<?xml version="1.0" encoding="UTF-8"?>
<!-- Generated by org.testng.reporters.JUnitReportReporter -->
<testsuite hostname="LAPTOP-AJOTTULQ" failures="0" tests="1" name="org.selenium.pom.tests.MyFirstTestCase" time="23.373" errors="0" timestamp="2022-06-23T18:18:48 IST" skipped="0">
  <testcase classname="org.selenium.pom.tests.MyFirstTestCase" name="apiStagingTest" time="23.373"/>
  <system-out/>
</testsuite> <!-- org.selenium.pom.tests.MyFirstTestCase -->
